<?xml version="1.0" encoding="UTF-8"?>
<!-- Generated by org.testng.reporters.JUnitReportReporter -->
<testsuite hostname="soniyavishnu" failures="0" tests="3" name="com.actitime.testscript.TaskModule" time="0.005" errors="0" timestamp="2023-07-06T19:01:52 IST" skipped="0">
  <testcase classname="com.actitime.testscript.TaskModule" name="createTask" time="0.001"/>
  <system-out>
    <![CDATA[createTask]]>
  </system-out>
  <testcase classname="com.actitime.testscript.TaskModule" name="deleteTask" time="0.003"/>
  <system-out>
    <![CDATA[deleteTask]]>
  </system-out>
  <testcase classname="com.actitime.testscript.TaskModule" name="modifyTask" time="0.001"/>
  <system-out>
    <![CDATA[modifyTask]]>
  </system-out>
</testsuite> <!-- com.actitime.testscript.TaskModule -->
