<?xml version="1.0" encoding="UTF-8"?>
<!-- Generated by org.testng.reporters.JUnitReportReporter -->
<testsuite hostname="soniyavishnu" failures="0" tests="1" name="datadriventesting.LoginToActiTime" time="17.417" errors="0" timestamp="2023-06-14T19:50:47 IST" skipped="0">
  <testcase classname="datadriventesting.LoginToActiTime" name="LoginActiTimeTest" time="17.417"/>
  <system-out/>
</testsuite> <!-- datadriventesting.LoginToActiTime -->
