<?xml version="1.0" encoding="UTF-8"?>
<!-- Generated by org.testng.reporters.JUnitReportReporter -->
<testsuite hostname="soniyavishnu" failures="0" tests="1" name="screenshotmethod.DemoScreenshot" time="12.669" errors="0" timestamp="2023-07-11T10:54:53 IST" skipped="0">
  <testcase classname="screenshotmethod.DemoScreenshot" name="WebBrowserScreenShot" time="12.669"/>
  <system-out/>
</testsuite> <!-- screenshotmethod.DemoScreenshot -->
